<?xml version="1.0" encoding="UTF-8"?>
<testsuites>
	<testsuite tests="4" errors="0" failures="0" time="0.008" timestamp="2015-09-09T02:11:55">
		<testcase classname="Owner" name="should have a name" time="0.002">
		</testcase>
		<testcase classname="Owner" name="should own several bikes" time="0">
		</testcase>
		<testcase classname="Owner" name="should be able to build a new bike" time="0">
		</testcase>
		<testcase classname="Owner" name="should be able to go on a bike ride" time="0.002">
		</testcase>
	</testsuite>
</testsuites>

